<?xml version="1.0" encoding="UTF-8"?>
<testsuite name="DirectorTest" tests="1" skipped="0" failures="0" errors="0" timestamp="2019-04-01T15:10:02" hostname="Anthonys-MacBook-Pro.local" time="0.001">
  <properties/>
  <testcase name="canPayBonus" classname="DirectorTest" time="0.001"/>
  <system-out><![CDATA[]]></system-out>
  <system-err><![CDATA[]]></system-err>
</testsuite>
