<?xml version="1.0" encoding="UTF-8"?>
<testsuite name="DeveloperTest" tests="8" skipped="0" failures="0" errors="0" timestamp="2019-04-01T15:33:25" hostname="Anthonys-MacBook-Pro.local" time="0.011">
  <properties/>
  <testcase name="canGetName" classname="DeveloperTest" time="0.002"/>
  <testcase name="canSetSalary" classname="DeveloperTest" time="0.0"/>
  <testcase name="canGetNI" classname="DeveloperTest" time="0.001"/>
  <testcase name="canSetNI" classname="DeveloperTest" time="0.0"/>
  <testcase name="canGetSalary" classname="DeveloperTest" time="0.001"/>
  <testcase name="canSetName" classname="DeveloperTest" time="0.0"/>
  <testcase name="canPayBonus" classname="DeveloperTest" time="0.001"/>
  <testcase name="canRaiseSalary" classname="DeveloperTest" time="0.0"/>
  <system-out><![CDATA[]]></system-out>
  <system-err><![CDATA[]]></system-err>
</testsuite>
